2025-05-25 19:06:04,364 [INFO] Activator:176 - 


2025-05-25 19:06:04,368 [INFO] Activator:177 - !SESSION log4j initialized
2025-05-25 19:06:06,874 [INFO] LogOutputStream:77 - [STDOUT_REDIRECT] 
2025-05-25 19:06:09,004 [INFO] ApplicationProperties:184 - Using Application install path: C:\ST\STM32CubeIDE_1.17.0\STM32CubeIDE\plugins\com.st.stm32cube.common.mx_6.13.0.202411220809
2025-05-25 19:06:09,023 [INFO] DbMcusXml:78 - Set database path to: C:\ST\STM32CubeIDE_1.17.0\STM32CubeIDE\plugins\com.st.stm32cube.common.mx_6.13.0.202411220809\\db\/mcu/
2025-05-25 19:06:09,023 [INFO] ApiDb:274 - Set plugin database path to: C:\ST\STM32CubeIDE_1.17.0\STM32CubeIDE\plugins\com.st.stm32cube.common.mx_6.13.0.202411220809\\db\/plugins/boardmanager/
2025-05-25 19:06:09,026 [WARN] ApiDb:259 - Overriding images path with different value:  => C:\ST\STM32CubeIDE_1.17.0\STM32CubeIDE\plugins\com.st.stm32cube.common.mx_6.13.0.202411220809\\db\/plugins/mcufinder/images/
2025-05-25 19:06:09,034 [INFO] ApiDb:250 - Set database path to: C:\Users\Admin\.stmcufinder\plugins\mcufinder//mcu/
2025-05-25 19:06:09,035 [INFO] DbMcusAds:125 - Set database path to: C:\Users\Admin\.stmcufinder\plugins\mcufinder//mcu/
2025-05-25 19:06:09,038 [INFO] CrossReferenceDbSqlite:203 - Set database path to: C:\Users\Admin\.stmcufinder\plugins\mcufinder//mcu/cs/
2025-05-25 19:06:09,171 [INFO] RulesReader:64 - Compatibility file has been processed (297 Rules)
2025-05-25 19:06:09,261 [INFO] DbMcusXml:78 - Set database path to: C:\ST\STM32CubeIDE_1.17.0\STM32CubeIDE\plugins\com.st.stm32cube.common.mx_6.13.0.202411220809\\db\/mcu/
2025-05-25 19:06:09,261 [INFO] ApiDb:274 - Set plugin database path to: C:\ST\STM32CubeIDE_1.17.0\STM32CubeIDE\plugins\com.st.stm32cube.common.mx_6.13.0.202411220809\\db\/plugins/boardmanager/
2025-05-25 19:06:09,262 [INFO] ApiDb:261 - Set plugin images path to: C:\ST\STM32CubeIDE_1.17.0\STM32CubeIDE\plugins\com.st.stm32cube.common.mx_6.13.0.202411220809\\db\/plugins/mcufinder/images/
2025-05-25 19:06:09,262 [WARN] DbFile:41 - Overriding database path with different value: C:\Users\Admin\.stmcufinder\plugins\mcufinder/ => C:\Users\Admin\.stmcufinder\plugins\mcufinder
2025-05-25 19:06:09,262 [INFO] ApiDb:250 - Set database path to: C:\Users\Admin\.stmcufinder\plugins\mcufinder//mcu/
2025-05-25 19:06:09,262 [WARN] DbFile:41 - Overriding database path with different value: C:\Users\Admin\.stmcufinder\plugins\mcufinder/ => C:\Users\Admin\.stmcufinder\plugins\mcufinder
2025-05-25 19:06:09,262 [INFO] DbMcusAds:125 - Set database path to: C:\Users\Admin\.stmcufinder\plugins\mcufinder//mcu/
2025-05-25 19:06:09,262 [WARN] DbFile:41 - Overriding database path with different value: C:\Users\Admin\.stmcufinder\plugins\mcufinder/ => C:\Users\Admin\.stmcufinder\plugins\mcufinder
2025-05-25 19:06:09,262 [WARN] DbFile:41 - Overriding database path with different value: C:\Users\Admin\.stmcufinder\plugins\mcufinder/ => C:\Users\Admin\.stmcufinder\plugins\mcufinder
2025-05-25 19:06:09,263 [INFO] CrossReferenceDbSqlite:203 - Set database path to: C:\Users\Admin\.stmcufinder\plugins\mcufinder//mcu/cs/
2025-05-25 19:06:09,342 [INFO] MainPanel:272 - HeapMemory: 268435456
2025-05-25 19:06:09,434 [INFO] DbMcusXml:78 - Set database path to: C:\ST\STM32CubeIDE_1.17.0\STM32CubeIDE\plugins\com.st.stm32cube.common.mx_6.13.0.202411220809\\db\/mcu/
2025-05-25 19:06:09,434 [INFO] ApiDb:274 - Set plugin database path to: C:\ST\STM32CubeIDE_1.17.0\STM32CubeIDE\plugins\com.st.stm32cube.common.mx_6.13.0.202411220809\\db\/plugins/boardmanager/
2025-05-25 19:06:09,434 [INFO] ApiDb:261 - Set plugin images path to: C:\ST\STM32CubeIDE_1.17.0\STM32CubeIDE\plugins\com.st.stm32cube.common.mx_6.13.0.202411220809\\db\/plugins/mcufinder/images/
2025-05-25 19:06:09,435 [WARN] DbFile:41 - Overriding database path with different value: C:\Users\Admin\.stmcufinder\plugins\mcufinder/ => C:\Users\Admin\.stmcufinder\plugins\mcufinder
2025-05-25 19:06:09,435 [INFO] ApiDb:250 - Set database path to: C:\Users\Admin\.stmcufinder\plugins\mcufinder//mcu/
2025-05-25 19:06:09,435 [WARN] DbFile:41 - Overriding database path with different value: C:\Users\Admin\.stmcufinder\plugins\mcufinder/ => C:\Users\Admin\.stmcufinder\plugins\mcufinder
2025-05-25 19:06:09,435 [INFO] DbMcusAds:125 - Set database path to: C:\Users\Admin\.stmcufinder\plugins\mcufinder//mcu/
2025-05-25 19:06:09,436 [WARN] DbFile:41 - Overriding database path with different value: C:\Users\Admin\.stmcufinder\plugins\mcufinder/ => C:\Users\Admin\.stmcufinder\plugins\mcufinder
2025-05-25 19:06:09,436 [WARN] DbFile:41 - Overriding database path with different value: C:\Users\Admin\.stmcufinder\plugins\mcufinder/ => C:\Users\Admin\.stmcufinder\plugins\mcufinder
2025-05-25 19:06:09,436 [INFO] CrossReferenceDbSqlite:203 - Set database path to: C:\Users\Admin\.stmcufinder\plugins\mcufinder//mcu/cs/
2025-05-25 19:06:09,457 [INFO] ApplicationProperties:184 - Using Application install path: C:\ST\STM32CubeIDE_1.17.0\STM32CubeIDE\plugins\com.st.stm32cube.common.mx_6.13.0.202411220809
2025-05-25 19:06:09,459 [INFO] PluginManage:196 - Search for loadable plugins [exclusion list=, ]
2025-05-25 19:06:09,461 [INFO] PluginManage:310 - Check plugin analytics
2025-05-25 19:06:09,670 [INFO] AnalyticsPlugin:253 - Accepted Software Licenses: STM32CubeMX.6.13.0
2025-05-25 19:06:09,670 [INFO] AnalyticsPlugin:255 - Accepted CMSIS Pack Licenses: 
2025-05-25 19:06:09,671 [INFO] AnalyticsPlugin:257 - Accepted Firmware Licenses: FW.F4.1.28.0,FW.WBA.1.5.0
2025-05-25 19:06:09,675 [INFO] PluginManage:359 - Loaded plugin analytics (category:tool,tabindex:-1)
2025-05-25 19:06:09,676 [INFO] PluginManage:310 - Check plugin cadmodel
2025-05-25 19:06:09,683 [INFO] CADModel:105 - Init CAD model plugin
2025-05-25 19:06:09,683 [INFO] PluginManage:359 - Loaded plugin cadmodel (category:power,tabindex:5)
2025-05-25 19:06:09,683 [INFO] PluginManage:310 - Check plugin clock
2025-05-25 19:06:09,697 [INFO] PluginManage:359 - Loaded plugin clock (category:base,tabindex:2)
2025-05-25 19:06:09,697 [INFO] PluginManage:310 - Check plugin ddr
2025-05-25 19:06:09,700 [INFO] PluginManage:359 - Loaded plugin ddr (category:tool,tabindex:6)
2025-05-25 19:06:09,700 [INFO] PluginManage:310 - Check plugin filemanager
2025-05-25 19:06:09,902 [INFO] PluginManage:359 - Loaded plugin filemanager (category:base,tabindex:10)
2025-05-25 19:06:09,903 [INFO] PluginManage:310 - Check plugin ipmanager
2025-05-25 19:06:09,914 [INFO] PluginManage:359 - Loaded plugin ipmanager (category:base,tabindex:5)
2025-05-25 19:06:09,915 [INFO] PluginManage:310 - Check plugin lpbam
2025-05-25 19:06:09,926 [INFO] PluginManage:359 - Loaded plugin lpbam (category:base,tabindex:0)
2025-05-25 19:06:09,927 [INFO] PluginManage:310 - Check plugin memorymap
2025-05-25 19:06:09,943 [INFO] PluginManage:359 - Loaded plugin memorymap (category:base,tabindex:4)
2025-05-25 19:06:09,943 [INFO] PluginManage:310 - Check plugin pinoutandconfiguration
2025-05-25 19:06:09,967 [INFO] PluginManage:359 - Loaded plugin pinoutandconfiguration (category:base,tabindex:1)
2025-05-25 19:06:09,967 [INFO] PluginManage:310 - Check plugin pinoutconfig
2025-05-25 19:06:10,071 [WARN] SupportedApi:132 - Cannot load RTOS API schema: s4s-elt-must-match.1: The content of 'definitions' must match (annotation?, (simpleType | complexType)?, (unique | key | keyref)*)). A problem was found starting at: attribute.
2025-05-25 19:06:10,224 [INFO] PluginManage:359 - Loaded plugin pinoutconfig (category:base,tabindex:0)
2025-05-25 19:06:10,225 [INFO] PluginManage:310 - Check plugin power
2025-05-25 19:06:10,233 [INFO] PluginManage:359 - Loaded plugin power (category:power,tabindex:4)
2025-05-25 19:06:10,233 [INFO] PluginManage:310 - Check plugin projectmanager
2025-05-25 19:06:10,254 [INFO] PluginManage:359 - Loaded plugin projectmanager (category:projectmanager,tabindex:4)
2025-05-25 19:06:10,254 [INFO] PluginManage:310 - Check plugin rif
2025-05-25 19:06:10,261 [INFO] PluginManage:359 - Loaded plugin rif (category:base,tabindex:3)
2025-05-25 19:06:10,261 [INFO] PluginManage:310 - Check plugin thirdparty
2025-05-25 19:06:10,422 [INFO] PluginManage:359 - Loaded plugin thirdparty (category:base,tabindex:-1)
2025-05-25 19:06:10,422 [WARN] IntegrityCheckThread:84 - waiting for thirdparty lock release [integrity check]
2025-05-25 19:06:10,422 [INFO] IntegrityCheckThread:86 - entering critical section [integrity check]
2025-05-25 19:06:10,422 [INFO] PluginManage:310 - Check plugin tools
2025-05-25 19:06:10,423 [INFO] ThirdPartyUpdaterWithRetryManager:70 - Updater plugin not ready yet. [1/15]
2025-05-25 19:06:10,426 [INFO] PluginManage:359 - Loaded plugin tools (category:base,tabindex:7)
2025-05-25 19:06:10,427 [INFO] PluginManage:310 - Check plugin tutovideos
2025-05-25 19:06:10,657 [INFO] PluginManage:359 - Loaded plugin tutovideos (category:base,tabindex:-1)
2025-05-25 19:06:10,657 [INFO] PluginManage:310 - Check plugin updater
2025-05-25 19:06:10,683 [INFO] PluginManage:359 - Loaded plugin updater (category:base,tabindex:12)
2025-05-25 19:06:10,683 [INFO] PluginManage:310 - Check plugin userauth
2025-05-25 19:06:10,688 [INFO] UserAuth:118 - Init User Auth plugin
2025-05-25 19:06:10,689 [INFO] PluginManage:359 - Loaded plugin userauth (category:base,tabindex:14)
2025-05-25 19:06:10,690 [INFO] PluginManage:283 - PluginManage : Loaded plugins [18]
2025-05-25 19:06:10,929 [INFO] PinOutPanel:1589 - setPackage(No Configuration,No Configuration)
2025-05-25 19:06:11,026 [INFO] CADModel:165 - CPN selected for project level
2025-05-25 19:06:11,026 [INFO] CADModel:114 - Register for checkConnection events
2025-05-25 19:06:11,045 [INFO] IPUIPlugin:80 - create IPUIPlugin
2025-05-25 19:06:11,045 [INFO] PluginManager:220 - loadIPPluginJar : add adc
2025-05-25 19:06:11,049 [INFO] IPUIPlugin:80 - create IPUIPlugin
2025-05-25 19:06:11,049 [INFO] PluginManager:220 - loadIPPluginJar : add aes
2025-05-25 19:06:11,052 [INFO] IPUIPlugin:80 - create IPUIPlugin
2025-05-25 19:06:11,052 [INFO] PluginManager:220 - loadIPPluginJar : add can
2025-05-25 19:06:11,055 [INFO] IPUIPlugin:80 - create IPUIPlugin
2025-05-25 19:06:11,055 [INFO] PluginManager:220 - loadIPPluginJar : add comp
2025-05-25 19:06:11,058 [INFO] IPUIPlugin:80 - create IPUIPlugin
2025-05-25 19:06:11,058 [INFO] PluginManager:220 - loadIPPluginJar : add cryp
2025-05-25 19:06:11,062 [INFO] IPUIPlugin:80 - create IPUIPlugin
2025-05-25 19:06:11,062 [INFO] PluginManager:220 - loadIPPluginJar : add ddr_ctrl_phy
2025-05-25 19:06:11,065 [INFO] IPUIPlugin:80 - create IPUIPlugin
2025-05-25 19:06:11,066 [INFO] PluginManager:220 - loadIPPluginJar : add dfsdm
2025-05-25 19:06:11,071 [INFO] IPUIPlugin:80 - create IPUIPlugin
2025-05-25 19:06:11,072 [INFO] PluginManager:220 - loadIPPluginJar : add dma
2025-05-25 19:06:11,075 [INFO] IPUIPlugin:80 - create IPUIPlugin
2025-05-25 19:06:11,076 [INFO] PluginManager:220 - loadIPPluginJar : add dma3
2025-05-25 19:06:11,079 [INFO] IPUIPlugin:80 - create IPUIPlugin
2025-05-25 19:06:11,080 [INFO] PluginManager:220 - loadIPPluginJar : add extmemmanager
2025-05-25 19:06:11,082 [INFO] IPUIPlugin:80 - create IPUIPlugin
2025-05-25 19:06:11,082 [INFO] PluginManager:220 - loadIPPluginJar : add fatfs
2025-05-25 19:06:11,087 [INFO] IPUIPlugin:80 - create IPUIPlugin
2025-05-25 19:06:11,088 [INFO] PluginManager:220 - loadIPPluginJar : add fmc
2025-05-25 19:06:11,094 [INFO] IPUIPlugin:80 - create IPUIPlugin
2025-05-25 19:06:11,094 [INFO] PluginManager:220 - loadIPPluginJar : add freertos
2025-05-25 19:06:11,096 [INFO] IPUIPlugin:80 - create IPUIPlugin
2025-05-25 19:06:11,096 [INFO] PluginManager:220 - loadIPPluginJar : add genericplugin
2025-05-25 19:06:11,099 [INFO] IPUIPlugin:80 - create IPUIPlugin
2025-05-25 19:06:11,099 [INFO] PluginManager:220 - loadIPPluginJar : add gfxmmu
2025-05-25 19:06:11,105 [INFO] IPUIPlugin:80 - create IPUIPlugin
2025-05-25 19:06:11,105 [INFO] PluginManager:220 - loadIPPluginJar : add gic
2025-05-25 19:06:11,110 [INFO] IPUIPlugin:80 - create IPUIPlugin
2025-05-25 19:06:11,110 [INFO] PluginManager:220 - loadIPPluginJar : add gpio
2025-05-25 19:06:11,114 [INFO] IPUIPlugin:80 - create IPUIPlugin
2025-05-25 19:06:11,114 [INFO] PluginManager:220 - loadIPPluginJar : add gtzc
2025-05-25 19:06:11,117 [INFO] IPUIPlugin:80 - create IPUIPlugin
2025-05-25 19:06:11,117 [INFO] PluginManager:220 - loadIPPluginJar : add hash
2025-05-25 19:06:11,120 [INFO] IPUIPlugin:80 - create IPUIPlugin
2025-05-25 19:06:11,121 [INFO] PluginManager:220 - loadIPPluginJar : add i2c
2025-05-25 19:06:11,125 [INFO] IPUIPlugin:80 - create IPUIPlugin
2025-05-25 19:06:11,125 [INFO] PluginManager:220 - loadIPPluginJar : add i2s
2025-05-25 19:06:11,129 [INFO] IPUIPlugin:80 - create IPUIPlugin
2025-05-25 19:06:11,130 [INFO] PluginManager:220 - loadIPPluginJar : add i3c
2025-05-25 19:06:11,134 [INFO] IPUIPlugin:80 - create IPUIPlugin
2025-05-25 19:06:11,134 [INFO] PluginManager:220 - loadIPPluginJar : add ipddr
2025-05-25 19:06:11,144 [INFO] IPUIPlugin:80 - create IPUIPlugin
2025-05-25 19:06:11,145 [INFO] PluginManager:220 - loadIPPluginJar : add linkedlist
2025-05-25 19:06:11,149 [INFO] IPUIPlugin:80 - create IPUIPlugin
2025-05-25 19:06:11,150 [INFO] PluginManager:220 - loadIPPluginJar : add lorawan
2025-05-25 19:06:11,152 [INFO] IPUIPlugin:80 - create IPUIPlugin
2025-05-25 19:06:11,152 [INFO] PluginManager:220 - loadIPPluginJar : add ltdc
2025-05-25 19:06:11,159 [INFO] IPUIPlugin:80 - create IPUIPlugin
2025-05-25 19:06:11,160 [INFO] PluginManager:220 - loadIPPluginJar : add mdma
2025-05-25 19:06:11,165 [INFO] IPUIPlugin:80 - create IPUIPlugin
2025-05-25 19:06:11,165 [INFO] PluginManager:220 - loadIPPluginJar : add nvic
2025-05-25 19:06:11,170 [INFO] IPUIPlugin:80 - create IPUIPlugin
2025-05-25 19:06:11,170 [INFO] PluginManager:220 - loadIPPluginJar : add opamp
2025-05-25 19:06:11,175 [INFO] IPUIPlugin:80 - create IPUIPlugin
2025-05-25 19:06:11,175 [INFO] PluginManager:220 - loadIPPluginJar : add openamp
2025-05-25 19:06:11,180 [INFO] IPUIPlugin:80 - create IPUIPlugin
2025-05-25 19:06:11,181 [INFO] PluginManager:220 - loadIPPluginJar : add pdm2pcm
2025-05-25 19:06:11,190 [INFO] IPUIPlugin:80 - create IPUIPlugin
2025-05-25 19:06:11,194 [INFO] PluginManager:220 - loadIPPluginJar : add plateformsettings
2025-05-25 19:06:11,197 [INFO] IPUIPlugin:80 - create IPUIPlugin
2025-05-25 19:06:11,197 [INFO] PluginManager:220 - loadIPPluginJar : add quadspi
2025-05-25 19:06:11,200 [INFO] IPUIPlugin:80 - create IPUIPlugin
2025-05-25 19:06:11,201 [INFO] PluginManager:220 - loadIPPluginJar : add radio
2025-05-25 19:06:11,206 [INFO] IPUIPlugin:80 - create IPUIPlugin
2025-05-25 19:06:11,206 [INFO] PluginManager:220 - loadIPPluginJar : add resmgrutility
2025-05-25 19:06:11,210 [INFO] IPUIPlugin:80 - create IPUIPlugin
2025-05-25 19:06:11,210 [INFO] PluginManager:220 - loadIPPluginJar : add sai
2025-05-25 19:06:11,214 [INFO] IPUIPlugin:80 - create IPUIPlugin
2025-05-25 19:06:11,214 [INFO] PluginManager:220 - loadIPPluginJar : add spi
2025-05-25 19:06:11,221 [INFO] IPUIPlugin:80 - create IPUIPlugin
2025-05-25 19:06:11,221 [INFO] PluginManager:220 - loadIPPluginJar : add stm32_wpan
2025-05-25 19:06:11,224 [INFO] IPUIPlugin:80 - create IPUIPlugin
2025-05-25 19:06:11,224 [INFO] PluginManager:220 - loadIPPluginJar : add tim
2025-05-25 19:06:11,229 [INFO] IPUIPlugin:80 - create IPUIPlugin
2025-05-25 19:06:11,229 [INFO] PluginManager:220 - loadIPPluginJar : add touchsensing
2025-05-25 19:06:11,232 [INFO] IPUIPlugin:80 - create IPUIPlugin
2025-05-25 19:06:11,232 [INFO] PluginManager:220 - loadIPPluginJar : add tracer_emb
2025-05-25 19:06:11,234 [INFO] IPUIPlugin:80 - create IPUIPlugin
2025-05-25 19:06:11,235 [INFO] PluginManager:220 - loadIPPluginJar : add ts
2025-05-25 19:06:11,237 [INFO] IPUIPlugin:80 - create IPUIPlugin
2025-05-25 19:06:11,237 [INFO] PluginManager:220 - loadIPPluginJar : add tsc
2025-05-25 19:06:11,240 [INFO] IPUIPlugin:80 - create IPUIPlugin
2025-05-25 19:06:11,240 [INFO] PluginManager:220 - loadIPPluginJar : add ucpd
2025-05-25 19:06:11,244 [INFO] IPUIPlugin:80 - create IPUIPlugin
2025-05-25 19:06:11,244 [INFO] PluginManager:220 - loadIPPluginJar : add usart
2025-05-25 19:06:11,248 [INFO] IPUIPlugin:80 - create IPUIPlugin
2025-05-25 19:06:11,248 [INFO] PluginManager:220 - loadIPPluginJar : add usbx
2025-05-25 19:06:11,404 [FATAL] Updater:351 - Updater called before beeing initialized
2025-05-25 19:06:11,440 [INFO] RulesReader:64 - Compatibility file has been processed (297 Rules)
2025-05-25 19:06:11,455 [INFO] RulesReader:64 - Compatibility file has been processed (297 Rules)
2025-05-25 19:06:11,464 [INFO] CADModel:165 - CPN selected for project level
2025-05-25 19:06:11,465 [INFO] CADModel:114 - Register for checkConnection events
2025-05-25 19:06:11,465 [FATAL] Updater:351 - Updater called before beeing initialized
2025-05-25 19:06:11,465 [ERROR] CADModel:125 - Updater not yet initialized, retry later 
2025-05-25 19:06:11,619 [FATAL] Updater:351 - Updater called before beeing initialized
2025-05-25 19:06:11,621 [INFO] CADModel:165 - CPN selected for project level
2025-05-25 19:06:11,621 [INFO] CADModel:114 - Register for checkConnection events
2025-05-25 19:06:11,621 [FATAL] Updater:351 - Updater called before beeing initialized
2025-05-25 19:06:11,621 [ERROR] CADModel:125 - Updater not yet initialized, retry later 
2025-05-25 19:06:11,625 [FATAL] Updater:351 - Updater called before beeing initialized
2025-05-25 19:06:11,784 [FATAL] Updater:351 - Updater called before beeing initialized
2025-05-25 19:06:11,789 [INFO] DbMcusAds:53 - JSON generation date=Thu Mar 06 20:24:21 IST 2025 (1741272861825)
2025-05-25 19:06:11,790 [FATAL] Updater:351 - Updater called before beeing initialized
2025-05-25 19:06:11,831 [WARN] DetailPanel:346 - Failed to get advertising image, set to default
2025-05-25 19:06:12,132 [FATAL] Updater:351 - Updater called before beeing initialized
2025-05-25 19:06:12,134 [FATAL] Updater:351 - Updater called before beeing initialized
2025-05-25 19:06:12,135 [FATAL] Updater:351 - Updater called before beeing initialized
2025-05-25 19:06:12,135 [WARN] DetailPanel:346 - Failed to get advertising image, set to default
2025-05-25 19:06:12,136 [FATAL] Updater:351 - Updater called before beeing initialized
2025-05-25 19:06:12,211 [ERROR] Updater:1198 - MainUpdater not yet initialized. External WinMGr cannot be set.
2025-05-25 19:06:12,214 [INFO] Updater:1134 - Updater Version found : 6.13.0
2025-05-25 19:06:12,233 [INFO] ApplicationProperties:184 - Using Application install path: C:\ST\STM32CubeIDE_1.17.0\STM32CubeIDE\plugins\com.st.stm32cube.common.mx_6.13.0.202411220809
2025-05-25 19:06:13,425 [INFO] ThirdPartyUpdaterWithRetryManager:70 - Updater plugin not ready yet. [2/15]
2025-05-25 19:06:13,809 [ERROR] LogOutputStream:75 - [STDERR_REDIRECT] May 25, 2025 7:06:13 PM java.util.prefs.WindowsPreferences <init>
2025-05-25 19:06:13,811 [ERROR] LogOutputStream:75 - [STDERR_REDIRECT] WARNING: Could not open/create prefs root node Software\JavaSoft\Prefs at root 0xffffffff80000002. Windows RegCreateKeyEx(...) returned error code 5.
2025-05-25 19:06:13,811 [ERROR] LogOutputStream:75 - [STDERR_REDIRECT] 
2025-05-25 19:06:14,074 [INFO] MainUpdater:2872 - connection check result : 10
2025-05-25 19:06:14,075 [INFO] MainUpdater:289 - Updater Check For Update Now.
2025-05-25 19:06:14,076 [INFO] MicroXplorer:498 - Change Database Version : DB.6.0.130
2025-05-25 19:06:14,086 [INFO] McuFinderGlobals:63 - Set McuFinder mode to 2 (CubeIDE integrated)
2025-05-25 19:06:14,087 [INFO] UserAuth:486 - Internet connection configuration mode: 1
2025-05-25 19:06:14,111 [INFO] JxBrowserEngine:152 - Initiate JxBrowser Engine with user profile folder
2025-05-25 19:06:14,312 [INFO] CheckServerUpdateThread:120 - End of CheckServer Thread
2025-05-25 19:06:14,940 [INFO] WebApp:168 - Instantiating new browser for Auth
2025-05-25 19:06:15,697 [INFO] WebApp:449 - Apply proxy settings
2025-05-25 19:06:15,697 [INFO] WebApp:534 - Chromium requires no authentication
2025-05-25 19:06:15,704 [INFO] WebApp:477 - Direct internet connection detected
2025-05-25 19:06:15,732 [INFO] WebApp:880 - Register for checkConnection events
2025-05-25 19:06:15,732 [INFO] WebApp:449 - Apply proxy settings
2025-05-25 19:06:15,732 [INFO] WebApp:534 - Chromium requires no authentication
2025-05-25 19:06:15,733 [INFO] WebApp:477 - Direct internet connection detected
2025-05-25 19:06:15,895 [INFO] WebApp:221 - Starting web application
2025-05-25 19:06:15,895 [INFO] WebApp:579 - Web application path used C:\ST\STM32CubeIDE_1.17.0\STM32CubeIDE\plugins\com.st.stm32cube.common.mx_6.13.0.202411220809\db\plugins\mcufinder\reactClient1\index.html
2025-05-25 19:06:15,995 [INFO] UserAuth:486 - Internet connection configuration mode: 1
2025-05-25 19:06:16,065 [INFO] WebApp:187 - Connection restablished
2025-05-25 19:06:16,835 [WARN] PackLoader:240 - Cannot read IP mode file for STMicroelectronics.FP-SNS-MOTENVWB1.1.4.0
2025-05-25 19:06:16,850 [WARN] PackLoader:240 - Cannot read IP mode file for STMicroelectronics.FP-ATR-ASTRA1.2.0.2
2025-05-25 19:06:16,859 [WARN] PackLoader:240 - Cannot read IP mode file for STMicroelectronics.FP-ATR-ASTRA1.2.0.1
2025-05-25 19:06:16,876 [WARN] PackLoader:240 - Cannot read IP mode file for STMicroelectronics.X-CUBE-SMBUS.2.1.0
2025-05-25 19:06:16,892 [WARN] PackLoader:240 - Cannot read IP mode file for STMicroelectronics.X-CUBE-WB05N.1.1.0
2025-05-25 19:06:16,979 [WARN] PackLoader:240 - Cannot read IP mode file for STMicroelectronics.X-CUBE-AZRTOS-F7.1.1.0
2025-05-25 19:06:17,009 [WARN] PackLoader:240 - Cannot read IP mode file for STMicroelectronics.FP-SNS-FLIGHT1.5.0.2
2025-05-25 19:06:17,065 [WARN] PackLoader:240 - Cannot read IP mode file for Infineon.AIROC-Wi-Fi-Bluetooth-STM32.1.7.0
2025-05-25 19:06:17,086 [WARN] PackLoader:240 - Cannot read IP mode file for STMicroelectronics.X-CUBE-DISPLAY.3.0.0
2025-05-25 19:06:17,101 [WARN] PackLoader:240 - Cannot read IP mode file for STMicroelectronics.X-CUBE-BLE1.7.0.0
2025-05-25 19:06:17,115 [WARN] PackLoader:240 - Cannot read IP mode file for STMicroelectronics.X-CUBE-NFC10.1.0.0
2025-05-25 19:06:17,147 [WARN] PackLoader:240 - Cannot read IP mode file for STMicroelectronics.X-CUBE-BLEMGR.4.0.0
2025-05-25 19:06:17,166 [WARN] PackLoader:240 - Cannot read IP mode file for emotas.I-CUBE-CANOPEN.1.3.0
2025-05-25 19:06:17,175 [WARN] PackLoader:240 - Cannot read IP mode file for STMicroelectronics.X-CUBE-AI.10.0.0
2025-05-25 19:06:17,182 [WARN] PackLoader:240 - Cannot read IP mode file for STMicroelectronics.FP-SNS-SMARTAG2.1.2.0
2025-05-25 19:06:17,189 [WARN] PackLoader:240 - Cannot read IP mode file for STMicroelectronics.FP-SNS-FLIGHT1.5.1.0
2025-05-25 19:06:17,260 [WARN] PackLoader:240 - Cannot read IP mode file for STMicroelectronics.X-CUBE-MEMS1.11.1.0
2025-05-25 19:06:17,415 [INFO] LogOutputStream:77 - [STDOUT_REDIRECT] 1 : Invalid condition id : UX_CORESTACK_Condition cause : null
2025-05-25 19:06:17,416 [INFO] LogOutputStream:77 - [STDOUT_REDIRECT] 1 : Invalid condition id : UX_CORESTACK_Condition cause : null
2025-05-25 19:06:17,418 [INFO] LogOutputStream:77 - [STDOUT_REDIRECT] 1 : Invalid condition id : UX_CORESTACK_Condition cause : null
2025-05-25 19:06:17,420 [INFO] LogOutputStream:77 - [STDOUT_REDIRECT] 1 : Invalid condition id : UX_CORESTACK_Condition cause : null
2025-05-25 19:06:17,422 [INFO] LogOutputStream:77 - [STDOUT_REDIRECT] 1 : Invalid condition id : UX_CORESTACK_Condition cause : null
2025-05-25 19:06:17,426 [WARN] PackLoader:240 - Cannot read IP mode file for STMicroelectronics.X-CUBE-AZRTOS-WL.2.0.0
2025-05-25 19:06:17,433 [WARN] PackLoader:240 - Cannot read IP mode file for STMicroelectronics.FP-SNS-MOTENV1.5.0.0
2025-05-25 19:06:17,443 [WARN] PackLoader:240 - Cannot read IP mode file for WES.I-CUBE-Cesium.1.3.0
2025-05-25 19:06:17,449 [WARN] PackLoader:240 - Cannot read IP mode file for STMicroelectronics.X-CUBE-BLE2.3.3.0
2025-05-25 19:06:17,455 [WARN] PackLoader:240 - Cannot read IP mode file for STMicroelectronics.X-CUBE-NFC9.1.0.0
2025-05-25 19:06:17,461 [WARN] PackLoader:240 - Cannot read IP mode file for STMicroelectronics.X-CUBE-BLE1.7.1.0
2025-05-25 19:06:17,467 [WARN] PackLoader:240 - Cannot read IP mode file for wolfSSL.I-CUBE-wolfMQTT.1.19.2
2025-05-25 19:06:17,537 [WARN] PackLoader:240 - Cannot read IP mode file for STMicroelectronics.X-CUBE-MEMS1.11.2.0
2025-05-25 19:06:17,800 [WARN] PackLoader:240 - Cannot read IP mode file for STMicroelectronics.X-CUBE-AZRTOS-G0.1.1.0
2025-05-25 19:06:17,809 [WARN] PackLoader:240 - Cannot read IP mode file for STMicroelectronics.X-CUBE-SAFEA1.1.2.2
2025-05-25 19:06:17,816 [WARN] PackLoader:240 - Cannot read IP mode file for STMicroelectronics.X-CUBE-NFC4.3.0.0
2025-05-25 19:06:17,827 [WARN] PackLoader:240 - Cannot read IP mode file for EmbeddedOffice.I-CUBE-FS-RTOS.1.0.1
2025-05-25 19:06:17,833 [WARN] PackLoader:240 - Cannot read IP mode file for STMicroelectronics.X-CUBE-WB05N.2.0.0
2025-05-25 19:06:17,839 [WARN] PackLoader:240 - Cannot read IP mode file for wolfSSL.I-CUBE-wolfTPM.3.8.0
2025-05-25 19:06:17,847 [WARN] PackLoader:240 - Cannot read IP mode file for STMicroelectronics.X-CUBE-TCPP.4.2.0
2025-05-25 19:06:17,854 [WARN] PackLoader:240 - Cannot read IP mode file for RealThread.X-CUBE-RT-Thread_Nano.4.1.1
2025-05-25 19:06:17,862 [WARN] PackLoader:240 - Cannot read IP mode file for STMicroelectronics.FP-ATR-SIGFOX1.3.2.0
2025-05-25 19:06:17,868 [WARN] ConditionMgr:438 - getConditionDescription Invalid condition id : Cortex-A Device cause : null
2025-05-25 19:06:17,885 [WARN] ConditionMgr:1044 - genDependencies : Invalid condition id : Cortex-A Device cause : null
2025-05-25 19:06:17,885 [WARN] ConditionMgr:1044 - genDependencies : Invalid condition id : Cortex-A Device cause : null
2025-05-25 19:06:17,885 [WARN] ConditionMgr:1044 - genDependencies : Invalid condition id : Cortex-A Device cause : null
2025-05-25 19:06:17,893 [WARN] PackLoader:240 - Cannot read IP mode file for STMicroelectronics.X-CUBE-EEPRMA1.5.1.0
2025-05-25 19:06:17,900 [WARN] PackLoader:240 - Cannot read IP mode file for wolfSSL.I-CUBE-wolfSSL.5.7.6
2025-05-25 19:06:17,915 [WARN] PackLoader:240 - Cannot read IP mode file for ITTIA_DB.I-CUBE-ITTIADB.8.9.0
2025-05-25 19:06:17,964 [WARN] PackLoader:240 - Cannot read IP mode file for SEGGER.I-CUBE-embOS.1.3.1
2025-05-25 19:06:18,012 [WARN] PackLoader:240 - Cannot read IP mode file for STMicroelectronics.X-CUBE-ALGOBUILD.1.4.0
2025-05-25 19:06:18,034 [WARN] PackLoader:240 - Cannot read IP mode file for STMicroelectronics.X-CUBE-AZRTOS-F4.1.1.0
2025-05-25 19:06:18,042 [WARN] PackLoader:240 - Cannot read IP mode file for Avnet-IotConnect.X-CUBE-IoTC-DA16k-PMOD.1.0.0
2025-05-25 19:06:18,047 [WARN] PackLoader:240 - Cannot read IP mode file for STMicroelectronics.X-CUBE-ISPU.2.1.0
2025-05-25 19:06:18,065 [WARN] PackLoader:240 - Cannot read IP mode file for STMicroelectronics.X-CUBE-AZRTOS-L5.2.0.0
2025-05-25 19:06:18,076 [WARN] PackLoader:240 - Cannot read IP mode file for STMicroelectronics.X-CUBE-NFC6.3.1.0
2025-05-25 19:06:18,085 [WARN] PackLoader:240 - Cannot read IP mode file for STMicroelectronics.X-CUBE-DPower.1.2.0
2025-05-25 19:06:18,092 [WARN] PackLoader:240 - Cannot read IP mode file for STMicroelectronics.X-CUBE-FREERTOS.1.3.1
2025-05-25 19:06:18,097 [WARN] PackLoader:240 - Cannot read IP mode file for STMicroelectronics.X-CUBE-FREERTOS.1.3.0
2025-05-25 19:06:18,104 [WARN] PackLoader:240 - Cannot read IP mode file for STMicroelectronics.X-CUBE-NFC7.1.0.1
2025-05-25 19:06:18,112 [WARN] PackLoader:240 - Cannot read IP mode file for STMicroelectronics.X-CUBE-DPower.1.3.0
2025-05-25 19:06:18,132 [WARN] ConditionMgr:438 - getConditionDescription Invalid condition id : LAN8742 Phy interface Condition cause : null
2025-05-25 19:06:18,133 [WARN] PackLoader:240 - Cannot read IP mode file for STMicroelectronics.X-CUBE-AZRTOS-L4.2.0.0
2025-05-25 19:06:18,135 [WARN] ConditionMgr:1044 - genDependencies : Invalid condition id : LAN8742 Phy interface Condition cause : null
2025-05-25 19:06:18,135 [WARN] ConditionMgr:1044 - genDependencies : Invalid condition id : LAN8742 Phy interface Condition cause : null
2025-05-25 19:06:18,136 [WARN] ConditionMgr:1044 - genDependencies : Invalid condition id : LAN8742 Phy interface Condition cause : null
2025-05-25 19:06:18,145 [WARN] PackLoader:240 - Cannot read IP mode file for STMicroelectronics.X-CUBE-SFXS2LP1.4.0.0
2025-05-25 19:06:18,164 [WARN] PackLoader:240 - Cannot read IP mode file for STMicroelectronics.X-CUBE-AZRTOS-H7.3.3.0
2025-05-25 19:06:18,181 [WARN] ConditionMgr:438 - getConditionDescription Invalid condition id : UX DEVICE CLASS RTOS Condition cause : null
2025-05-25 19:06:18,182 [WARN] ConditionMgr:438 - getConditionDescription Invalid condition id : UX DEVICE CLASS RTOS Condition cause : null
2025-05-25 19:06:18,184 [WARN] PackLoader:240 - Cannot read IP mode file for STMicroelectronics.X-CUBE-AZRTOS-WB.2.0.0
2025-05-25 19:06:18,184 [WARN] ConditionMgr:1044 - genDependencies : Invalid condition id : UX DEVICE CLASS RTOS Condition cause : null
2025-05-25 19:06:18,184 [WARN] ConditionMgr:1044 - genDependencies : Invalid condition id : UX DEVICE CLASS RTOS Condition cause : null
2025-05-25 19:06:18,185 [WARN] ConditionMgr:1044 - genDependencies : Invalid condition id : UX DEVICE CLASS RTOS Condition cause : null
2025-05-25 19:06:18,185 [WARN] ConditionMgr:1044 - genDependencies : Invalid condition id : UX DEVICE CLASS RTOS Condition cause : null
2025-05-25 19:06:18,185 [WARN] ConditionMgr:1044 - genDependencies : Invalid condition id : UX DEVICE CLASS RTOS Condition cause : null
2025-05-25 19:06:18,192 [WARN] PackLoader:240 - Cannot read IP mode file for STMicroelectronics.X-CUBE-GNSS1.7.0.1
2025-05-25 19:06:18,199 [WARN] PackLoader:240 - Cannot read IP mode file for STMicroelectronics.X-CUBE-TOUCHGFX.4.25.0
2025-05-25 19:06:18,206 [WARN] PackLoader:240 - Cannot read IP mode file for STMicroelectronics.FP-SNS-STBOX1.2.0.0
2025-05-25 19:06:18,219 [WARN] PackLoader:240 - Cannot read IP mode file for STMicroelectronics.X-CUBE-SUBG2.5.0.0
2025-05-25 19:06:18,318 [WARN] PackLoader:240 - Cannot read IP mode file for STMicroelectronics.X-CUBE-AZRTOS-H7RS.1.1.0
2025-05-25 19:06:18,328 [WARN] PackLoader:240 - Cannot read IP mode file for Cesanta.I-CUBE-Mongoose.7.13.0
2025-05-25 19:06:18,341 [WARN] PackLoader:240 - Cannot read IP mode file for STMicroelectronics.X-CUBE-AZRTOS-G4.2.0.0
2025-05-25 19:06:18,348 [WARN] PackLoader:240 - Cannot read IP mode file for wolfSSL.I-CUBE-wolfSSH.1.4.20
2025-05-25 19:06:18,353 [WARN] PackLoader:240 - Cannot read IP mode file for STMicroelectronics.X-CUBE-NFC7.2.0.0
2025-05-25 19:06:18,367 [WARN] PackLoader:240 - Cannot read IP mode file for STMicroelectronics.X-CUBE-IPS.3.1.0
2025-05-25 19:06:18,377 [WARN] PackLoader:240 - Cannot read IP mode file for STMicroelectronics.X-CUBE-ALS.1.0.2
2025-05-25 19:06:18,381 [WARN] PackLoader:240 - Cannot read IP mode file for STMicroelectronics.X-CUBE-TOUCHGFX.4.24.2
2025-05-25 19:06:18,389 [WARN] PackLoader:240 - Cannot read IP mode file for portGmbH.I-Cube-SoM-uGOAL.1.1.0
2025-05-25 19:06:18,404 [WARN] PackLoader:240 - Cannot read IP mode file for STMicroelectronics.X-CUBE-AZRTOS-H7RS.1.0.0
2025-05-25 19:06:18,416 [WARN] PackLoader:240 - Cannot read IP mode file for STMicroelectronics.X-CUBE-TOF1.3.4.2
2025-05-25 19:06:18,435 [WARN] PackLoader:240 - Cannot read IP mode file for STMicroelectronics.X-CUBE-TOF1.3.4.3
2025-05-25 19:06:18,446 [INFO] ThirdParty:978 - Integrity check success = true
2025-05-25 19:06:18,446 [INFO] IntegrityCheckThread:100 - exiting critical section [integrity check]
2025-05-25 19:06:18,446 [INFO] IntegrityCheckThread:103 - End integrity checks thread
2025-05-25 19:11:33,856 [ERROR] ConfigurationRetriever:142 - IOException on connection: Read timed out
2025-05-25 19:12:12,664 [ERROR] ConfigurationRetriever:142 - IOException on connection: Read timed out
2025-05-25 19:12:16,212 [ERROR] AdobePublisher:187 - Exception while getting the server answer: java.net.SocketTimeoutException: Read timed out
2025-05-25 19:12:22,121 [ERROR] LogOutputStream:75 - [STDERR_REDIRECT] 
