2025-05-26 07:49:11,445 [INFO] Activator:176 - 


2025-05-26 07:49:11,467 [INFO] Activator:177 - !SESSION log4j initialized
2025-05-26 07:49:32,762 [INFO] LogOutputStream:77 - [STDOUT_REDIRECT] 
2025-05-26 07:49:59,661 [INFO] ApplicationProperties:184 - Using Application install path: C:\ST\STM32CubeIDE_1.17.0\STM32CubeIDE\plugins\com.st.stm32cube.common.mx_6.13.0.202411220809
2025-05-26 07:49:59,710 [INFO] DbMcusXml:78 - Set database path to: C:\ST\STM32CubeIDE_1.17.0\STM32CubeIDE\plugins\com.st.stm32cube.common.mx_6.13.0.202411220809\\db\/mcu/
2025-05-26 07:49:59,711 [INFO] ApiDb:274 - Set plugin database path to: C:\ST\STM32CubeIDE_1.17.0\STM32CubeIDE\plugins\com.st.stm32cube.common.mx_6.13.0.202411220809\\db\/plugins/boardmanager/
2025-05-26 07:49:59,713 [WARN] ApiDb:259 - Overriding images path with different value:  => C:\ST\STM32CubeIDE_1.17.0\STM32CubeIDE\plugins\com.st.stm32cube.common.mx_6.13.0.202411220809\\db\/plugins/mcufinder/images/
2025-05-26 07:49:59,752 [INFO] ApiDb:250 - Set database path to: C:\Users\Admin\.stmcufinder\plugins\mcufinder//mcu/
2025-05-26 07:49:59,755 [INFO] DbMcusAds:125 - Set database path to: C:\Users\Admin\.stmcufinder\plugins\mcufinder//mcu/
2025-05-26 07:49:59,770 [INFO] CrossReferenceDbSqlite:203 - Set database path to: C:\Users\Admin\.stmcufinder\plugins\mcufinder//mcu/cs/
2025-05-26 07:50:00,078 [INFO] RulesReader:64 - Compatibility file has been processed (297 Rules)
2025-05-26 07:50:00,299 [INFO] DbMcusXml:78 - Set database path to: C:\ST\STM32CubeIDE_1.17.0\STM32CubeIDE\plugins\com.st.stm32cube.common.mx_6.13.0.202411220809\\db\/mcu/
2025-05-26 07:50:00,300 [INFO] ApiDb:274 - Set plugin database path to: C:\ST\STM32CubeIDE_1.17.0\STM32CubeIDE\plugins\com.st.stm32cube.common.mx_6.13.0.202411220809\\db\/plugins/boardmanager/
2025-05-26 07:50:00,300 [INFO] ApiDb:261 - Set plugin images path to: C:\ST\STM32CubeIDE_1.17.0\STM32CubeIDE\plugins\com.st.stm32cube.common.mx_6.13.0.202411220809\\db\/plugins/mcufinder/images/
2025-05-26 07:50:00,301 [WARN] DbFile:41 - Overriding database path with different value: C:\Users\Admin\.stmcufinder\plugins\mcufinder/ => C:\Users\Admin\.stmcufinder\plugins\mcufinder
2025-05-26 07:50:00,301 [INFO] ApiDb:250 - Set database path to: C:\Users\Admin\.stmcufinder\plugins\mcufinder//mcu/
2025-05-26 07:50:00,301 [WARN] DbFile:41 - Overriding database path with different value: C:\Users\Admin\.stmcufinder\plugins\mcufinder/ => C:\Users\Admin\.stmcufinder\plugins\mcufinder
2025-05-26 07:50:00,301 [INFO] DbMcusAds:125 - Set database path to: C:\Users\Admin\.stmcufinder\plugins\mcufinder//mcu/
2025-05-26 07:50:00,302 [WARN] DbFile:41 - Overriding database path with different value: C:\Users\Admin\.stmcufinder\plugins\mcufinder/ => C:\Users\Admin\.stmcufinder\plugins\mcufinder
2025-05-26 07:50:00,302 [WARN] DbFile:41 - Overriding database path with different value: C:\Users\Admin\.stmcufinder\plugins\mcufinder/ => C:\Users\Admin\.stmcufinder\plugins\mcufinder
2025-05-26 07:50:00,302 [INFO] CrossReferenceDbSqlite:203 - Set database path to: C:\Users\Admin\.stmcufinder\plugins\mcufinder//mcu/cs/
2025-05-26 07:50:00,501 [INFO] MainPanel:272 - HeapMemory: 306184192
2025-05-26 07:50:00,799 [INFO] DbMcusXml:78 - Set database path to: C:\ST\STM32CubeIDE_1.17.0\STM32CubeIDE\plugins\com.st.stm32cube.common.mx_6.13.0.202411220809\\db\/mcu/
2025-05-26 07:50:00,799 [INFO] ApiDb:274 - Set plugin database path to: C:\ST\STM32CubeIDE_1.17.0\STM32CubeIDE\plugins\com.st.stm32cube.common.mx_6.13.0.202411220809\\db\/plugins/boardmanager/
2025-05-26 07:50:00,799 [INFO] ApiDb:261 - Set plugin images path to: C:\ST\STM32CubeIDE_1.17.0\STM32CubeIDE\plugins\com.st.stm32cube.common.mx_6.13.0.202411220809\\db\/plugins/mcufinder/images/
2025-05-26 07:50:00,800 [WARN] DbFile:41 - Overriding database path with different value: C:\Users\Admin\.stmcufinder\plugins\mcufinder/ => C:\Users\Admin\.stmcufinder\plugins\mcufinder
2025-05-26 07:50:00,800 [INFO] ApiDb:250 - Set database path to: C:\Users\Admin\.stmcufinder\plugins\mcufinder//mcu/
2025-05-26 07:50:00,800 [WARN] DbFile:41 - Overriding database path with different value: C:\Users\Admin\.stmcufinder\plugins\mcufinder/ => C:\Users\Admin\.stmcufinder\plugins\mcufinder
2025-05-26 07:50:00,800 [INFO] DbMcusAds:125 - Set database path to: C:\Users\Admin\.stmcufinder\plugins\mcufinder//mcu/
2025-05-26 07:50:00,801 [WARN] DbFile:41 - Overriding database path with different value: C:\Users\Admin\.stmcufinder\plugins\mcufinder/ => C:\Users\Admin\.stmcufinder\plugins\mcufinder
2025-05-26 07:50:00,801 [WARN] DbFile:41 - Overriding database path with different value: C:\Users\Admin\.stmcufinder\plugins\mcufinder/ => C:\Users\Admin\.stmcufinder\plugins\mcufinder
2025-05-26 07:50:00,801 [INFO] CrossReferenceDbSqlite:203 - Set database path to: C:\Users\Admin\.stmcufinder\plugins\mcufinder//mcu/cs/
2025-05-26 07:50:00,847 [INFO] ApplicationProperties:184 - Using Application install path: C:\ST\STM32CubeIDE_1.17.0\STM32CubeIDE\plugins\com.st.stm32cube.common.mx_6.13.0.202411220809
2025-05-26 07:50:00,851 [INFO] PluginManage:196 - Search for loadable plugins [exclusion list=, ]
2025-05-26 07:50:00,855 [INFO] PluginManage:310 - Check plugin analytics
2025-05-26 07:50:01,379 [INFO] AnalyticsPlugin:253 - Accepted Software Licenses: STM32CubeMX.6.13.0
2025-05-26 07:50:01,379 [INFO] AnalyticsPlugin:255 - Accepted CMSIS Pack Licenses: 
2025-05-26 07:50:01,380 [INFO] AnalyticsPlugin:257 - Accepted Firmware Licenses: FW.F4.1.28.0,FW.WBA.1.5.0
2025-05-26 07:50:01,389 [INFO] PluginManage:359 - Loaded plugin analytics (category:tool,tabindex:-1)
2025-05-26 07:50:01,390 [INFO] PluginManage:310 - Check plugin cadmodel
2025-05-26 07:50:01,448 [INFO] CADModel:105 - Init CAD model plugin
2025-05-26 07:50:01,448 [INFO] PluginManage:359 - Loaded plugin cadmodel (category:power,tabindex:5)
2025-05-26 07:50:01,449 [INFO] PluginManage:310 - Check plugin clock
2025-05-26 07:50:01,505 [INFO] PluginManage:359 - Loaded plugin clock (category:base,tabindex:2)
2025-05-26 07:50:01,506 [INFO] PluginManage:310 - Check plugin ddr
2025-05-26 07:50:01,515 [INFO] PluginManage:359 - Loaded plugin ddr (category:tool,tabindex:6)
2025-05-26 07:50:01,515 [INFO] PluginManage:310 - Check plugin filemanager
2025-05-26 07:50:01,919 [INFO] PluginManage:359 - Loaded plugin filemanager (category:base,tabindex:10)
2025-05-26 07:50:01,919 [INFO] PluginManage:310 - Check plugin ipmanager
2025-05-26 07:50:01,941 [INFO] PluginManage:359 - Loaded plugin ipmanager (category:base,tabindex:5)
2025-05-26 07:50:01,943 [INFO] PluginManage:310 - Check plugin lpbam
2025-05-26 07:50:02,007 [INFO] PluginManage:359 - Loaded plugin lpbam (category:base,tabindex:0)
2025-05-26 07:50:02,008 [INFO] PluginManage:310 - Check plugin memorymap
2025-05-26 07:50:02,080 [INFO] PluginManage:359 - Loaded plugin memorymap (category:base,tabindex:4)
2025-05-26 07:50:02,081 [INFO] PluginManage:310 - Check plugin pinoutandconfiguration
2025-05-26 07:50:02,137 [INFO] PluginManage:359 - Loaded plugin pinoutandconfiguration (category:base,tabindex:1)
2025-05-26 07:50:02,137 [INFO] PluginManage:310 - Check plugin pinoutconfig
2025-05-26 07:50:02,421 [WARN] SupportedApi:132 - Cannot load RTOS API schema: s4s-elt-must-match.1: The content of 'definitions' must match (annotation?, (simpleType | complexType)?, (unique | key | keyref)*)). A problem was found starting at: attribute.
2025-05-26 07:50:02,871 [INFO] PluginManage:359 - Loaded plugin pinoutconfig (category:base,tabindex:0)
2025-05-26 07:50:02,872 [INFO] PluginManage:310 - Check plugin power
2025-05-26 07:50:02,954 [INFO] PluginManage:359 - Loaded plugin power (category:power,tabindex:4)
2025-05-26 07:50:02,955 [INFO] PluginManage:310 - Check plugin projectmanager
2025-05-26 07:50:03,021 [INFO] PluginManage:359 - Loaded plugin projectmanager (category:projectmanager,tabindex:4)
2025-05-26 07:50:03,022 [INFO] PluginManage:310 - Check plugin rif
2025-05-26 07:50:03,087 [INFO] PluginManage:359 - Loaded plugin rif (category:base,tabindex:3)
2025-05-26 07:50:03,088 [INFO] PluginManage:310 - Check plugin thirdparty
2025-05-26 07:50:04,114 [INFO] PluginManage:359 - Loaded plugin thirdparty (category:base,tabindex:-1)
2025-05-26 07:50:04,114 [WARN] IntegrityCheckThread:84 - waiting for thirdparty lock release [integrity check]
2025-05-26 07:50:04,115 [INFO] IntegrityCheckThread:86 - entering critical section [integrity check]
2025-05-26 07:50:04,115 [INFO] PluginManage:310 - Check plugin tools
2025-05-26 07:50:04,116 [INFO] ThirdPartyUpdaterWithRetryManager:70 - Updater plugin not ready yet. [1/15]
2025-05-26 07:50:04,273 [INFO] PluginManage:359 - Loaded plugin tools (category:base,tabindex:7)
2025-05-26 07:50:04,274 [INFO] PluginManage:310 - Check plugin tutovideos
2025-05-26 07:50:04,763 [INFO] PluginManage:359 - Loaded plugin tutovideos (category:base,tabindex:-1)
2025-05-26 07:50:04,764 [INFO] PluginManage:310 - Check plugin updater
2025-05-26 07:50:04,809 [INFO] PluginManage:359 - Loaded plugin updater (category:base,tabindex:12)
2025-05-26 07:50:04,809 [INFO] PluginManage:310 - Check plugin userauth
2025-05-26 07:50:04,819 [INFO] UserAuth:118 - Init User Auth plugin
2025-05-26 07:50:04,822 [INFO] PluginManage:359 - Loaded plugin userauth (category:base,tabindex:14)
2025-05-26 07:50:04,823 [INFO] PluginManage:283 - PluginManage : Loaded plugins [18]
2025-05-26 07:50:05,400 [INFO] PinOutPanel:1589 - setPackage(No Configuration,No Configuration)
2025-05-26 07:50:05,651 [INFO] CADModel:165 - CPN selected for project level
2025-05-26 07:50:05,652 [INFO] CADModel:114 - Register for checkConnection events
2025-05-26 07:50:05,744 [INFO] IPUIPlugin:80 - create IPUIPlugin
2025-05-26 07:50:05,746 [INFO] PluginManager:220 - loadIPPluginJar : add adc
2025-05-26 07:50:05,922 [INFO] IPUIPlugin:80 - create IPUIPlugin
2025-05-26 07:50:05,923 [INFO] PluginManager:220 - loadIPPluginJar : add aes
2025-05-26 07:50:06,088 [INFO] IPUIPlugin:80 - create IPUIPlugin
2025-05-26 07:50:06,089 [INFO] PluginManager:220 - loadIPPluginJar : add can
2025-05-26 07:50:06,189 [INFO] IPUIPlugin:80 - create IPUIPlugin
2025-05-26 07:50:06,190 [INFO] PluginManager:220 - loadIPPluginJar : add comp
2025-05-26 07:50:06,333 [INFO] IPUIPlugin:80 - create IPUIPlugin
2025-05-26 07:50:06,333 [INFO] PluginManager:220 - loadIPPluginJar : add cryp
2025-05-26 07:50:06,373 [INFO] IPUIPlugin:80 - create IPUIPlugin
2025-05-26 07:50:06,374 [INFO] PluginManager:220 - loadIPPluginJar : add ddr_ctrl_phy
2025-05-26 07:50:06,491 [INFO] IPUIPlugin:80 - create IPUIPlugin
2025-05-26 07:50:06,491 [INFO] PluginManager:220 - loadIPPluginJar : add dfsdm
2025-05-26 07:50:06,540 [INFO] IPUIPlugin:80 - create IPUIPlugin
2025-05-26 07:50:06,542 [INFO] PluginManager:220 - loadIPPluginJar : add dma
2025-05-26 07:50:06,691 [INFO] IPUIPlugin:80 - create IPUIPlugin
2025-05-26 07:50:06,691 [INFO] PluginManager:220 - loadIPPluginJar : add dma3
2025-05-26 07:50:06,850 [INFO] IPUIPlugin:80 - create IPUIPlugin
2025-05-26 07:50:06,850 [INFO] PluginManager:220 - loadIPPluginJar : add extmemmanager
2025-05-26 07:50:06,931 [INFO] IPUIPlugin:80 - create IPUIPlugin
2025-05-26 07:50:06,931 [INFO] PluginManager:220 - loadIPPluginJar : add fatfs
2025-05-26 07:50:07,096 [INFO] IPUIPlugin:80 - create IPUIPlugin
2025-05-26 07:50:07,096 [INFO] PluginManager:220 - loadIPPluginJar : add fmc
2025-05-26 07:50:07,118 [INFO] ThirdPartyUpdaterWithRetryManager:70 - Updater plugin not ready yet. [2/15]
2025-05-26 07:50:07,142 [INFO] IPUIPlugin:80 - create IPUIPlugin
2025-05-26 07:50:07,143 [INFO] PluginManager:220 - loadIPPluginJar : add freertos
2025-05-26 07:50:07,229 [INFO] IPUIPlugin:80 - create IPUIPlugin
2025-05-26 07:50:07,229 [INFO] PluginManager:220 - loadIPPluginJar : add genericplugin
2025-05-26 07:50:07,585 [INFO] IPUIPlugin:80 - create IPUIPlugin
2025-05-26 07:50:07,585 [INFO] PluginManager:220 - loadIPPluginJar : add gfxmmu
2025-05-26 07:50:08,070 [INFO] IPUIPlugin:80 - create IPUIPlugin
2025-05-26 07:50:08,071 [INFO] PluginManager:220 - loadIPPluginJar : add gic
2025-05-26 07:50:08,119 [INFO] IPUIPlugin:80 - create IPUIPlugin
2025-05-26 07:50:08,119 [INFO] PluginManager:220 - loadIPPluginJar : add gpio
2025-05-26 07:50:08,420 [INFO] IPUIPlugin:80 - create IPUIPlugin
2025-05-26 07:50:08,421 [INFO] PluginManager:220 - loadIPPluginJar : add gtzc
2025-05-26 07:50:08,524 [INFO] IPUIPlugin:80 - create IPUIPlugin
2025-05-26 07:50:08,524 [INFO] PluginManager:220 - loadIPPluginJar : add hash
2025-05-26 07:50:08,719 [INFO] IPUIPlugin:80 - create IPUIPlugin
2025-05-26 07:50:08,719 [INFO] PluginManager:220 - loadIPPluginJar : add i2c
2025-05-26 07:50:08,884 [INFO] IPUIPlugin:80 - create IPUIPlugin
2025-05-26 07:50:08,885 [INFO] PluginManager:220 - loadIPPluginJar : add i2s
2025-05-26 07:50:09,066 [INFO] IPUIPlugin:80 - create IPUIPlugin
2025-05-26 07:50:09,067 [INFO] PluginManager:220 - loadIPPluginJar : add i3c
2025-05-26 07:50:09,395 [INFO] IPUIPlugin:80 - create IPUIPlugin
2025-05-26 07:50:09,396 [INFO] PluginManager:220 - loadIPPluginJar : add ipddr
2025-05-26 07:50:09,716 [INFO] IPUIPlugin:80 - create IPUIPlugin
2025-05-26 07:50:09,716 [INFO] PluginManager:220 - loadIPPluginJar : add linkedlist
2025-05-26 07:50:09,852 [INFO] IPUIPlugin:80 - create IPUIPlugin
2025-05-26 07:50:09,852 [INFO] PluginManager:220 - loadIPPluginJar : add lorawan
2025-05-26 07:50:09,975 [INFO] IPUIPlugin:80 - create IPUIPlugin
2025-05-26 07:50:09,976 [INFO] PluginManager:220 - loadIPPluginJar : add ltdc
2025-05-26 07:50:10,012 [INFO] IPUIPlugin:80 - create IPUIPlugin
2025-05-26 07:50:10,013 [INFO] PluginManager:220 - loadIPPluginJar : add mdma
2025-05-26 07:50:10,054 [INFO] IPUIPlugin:80 - create IPUIPlugin
2025-05-26 07:50:10,054 [INFO] PluginManager:220 - loadIPPluginJar : add nvic
2025-05-26 07:50:10,120 [INFO] ThirdPartyUpdaterWithRetryManager:70 - Updater plugin not ready yet. [3/15]
2025-05-26 07:50:10,203 [INFO] IPUIPlugin:80 - create IPUIPlugin
2025-05-26 07:50:10,204 [INFO] PluginManager:220 - loadIPPluginJar : add opamp
2025-05-26 07:50:10,472 [INFO] IPUIPlugin:80 - create IPUIPlugin
2025-05-26 07:50:10,473 [INFO] PluginManager:220 - loadIPPluginJar : add openamp
2025-05-26 07:50:10,634 [INFO] IPUIPlugin:80 - create IPUIPlugin
2025-05-26 07:50:10,635 [INFO] PluginManager:220 - loadIPPluginJar : add pdm2pcm
2025-05-26 07:50:10,678 [INFO] IPUIPlugin:80 - create IPUIPlugin
2025-05-26 07:50:10,683 [INFO] PluginManager:220 - loadIPPluginJar : add plateformsettings
2025-05-26 07:50:10,769 [INFO] IPUIPlugin:80 - create IPUIPlugin
2025-05-26 07:50:10,770 [INFO] PluginManager:220 - loadIPPluginJar : add quadspi
2025-05-26 07:50:10,864 [INFO] IPUIPlugin:80 - create IPUIPlugin
2025-05-26 07:50:10,866 [INFO] PluginManager:220 - loadIPPluginJar : add radio
2025-05-26 07:50:10,904 [INFO] IPUIPlugin:80 - create IPUIPlugin
2025-05-26 07:50:10,904 [INFO] PluginManager:220 - loadIPPluginJar : add resmgrutility
2025-05-26 07:50:11,065 [INFO] IPUIPlugin:80 - create IPUIPlugin
2025-05-26 07:50:11,065 [INFO] PluginManager:220 - loadIPPluginJar : add sai
2025-05-26 07:50:11,183 [INFO] IPUIPlugin:80 - create IPUIPlugin
2025-05-26 07:50:11,183 [INFO] PluginManager:220 - loadIPPluginJar : add spi
2025-05-26 07:50:11,384 [INFO] IPUIPlugin:80 - create IPUIPlugin
2025-05-26 07:50:11,385 [INFO] PluginManager:220 - loadIPPluginJar : add stm32_wpan
2025-05-26 07:50:11,496 [INFO] IPUIPlugin:80 - create IPUIPlugin
2025-05-26 07:50:11,496 [INFO] PluginManager:220 - loadIPPluginJar : add tim
2025-05-26 07:50:11,698 [INFO] IPUIPlugin:80 - create IPUIPlugin
2025-05-26 07:50:11,698 [INFO] PluginManager:220 - loadIPPluginJar : add touchsensing
2025-05-26 07:50:11,788 [INFO] IPUIPlugin:80 - create IPUIPlugin
2025-05-26 07:50:11,788 [INFO] PluginManager:220 - loadIPPluginJar : add tracer_emb
2025-05-26 07:50:11,880 [INFO] IPUIPlugin:80 - create IPUIPlugin
2025-05-26 07:50:11,881 [INFO] PluginManager:220 - loadIPPluginJar : add ts
2025-05-26 07:50:11,973 [INFO] IPUIPlugin:80 - create IPUIPlugin
2025-05-26 07:50:11,973 [INFO] PluginManager:220 - loadIPPluginJar : add tsc
2025-05-26 07:50:12,062 [INFO] IPUIPlugin:80 - create IPUIPlugin
2025-05-26 07:50:12,063 [INFO] PluginManager:220 - loadIPPluginJar : add ucpd
2025-05-26 07:50:12,208 [INFO] IPUIPlugin:80 - create IPUIPlugin
2025-05-26 07:50:12,209 [INFO] PluginManager:220 - loadIPPluginJar : add usart
2025-05-26 07:50:12,358 [INFO] IPUIPlugin:80 - create IPUIPlugin
2025-05-26 07:50:12,358 [INFO] PluginManager:220 - loadIPPluginJar : add usbx
2025-05-26 07:50:12,583 [FATAL] Updater:351 - Updater called before beeing initialized
2025-05-26 07:50:12,668 [INFO] RulesReader:64 - Compatibility file has been processed (297 Rules)
2025-05-26 07:50:12,694 [INFO] RulesReader:64 - Compatibility file has been processed (297 Rules)
2025-05-26 07:50:12,718 [INFO] CADModel:165 - CPN selected for project level
2025-05-26 07:50:12,718 [INFO] CADModel:114 - Register for checkConnection events
2025-05-26 07:50:12,719 [FATAL] Updater:351 - Updater called before beeing initialized
2025-05-26 07:50:12,719 [ERROR] CADModel:125 - Updater not yet initialized, retry later 
2025-05-26 07:50:13,104 [FATAL] Updater:351 - Updater called before beeing initialized
2025-05-26 07:50:13,110 [INFO] CADModel:165 - CPN selected for project level
2025-05-26 07:50:13,110 [INFO] CADModel:114 - Register for checkConnection events
2025-05-26 07:50:13,111 [FATAL] Updater:351 - Updater called before beeing initialized
2025-05-26 07:50:13,111 [ERROR] CADModel:125 - Updater not yet initialized, retry later 
2025-05-26 07:50:13,120 [FATAL] Updater:351 - Updater called before beeing initialized
2025-05-26 07:50:13,122 [INFO] ThirdPartyUpdaterWithRetryManager:70 - Updater plugin not ready yet. [4/15]
2025-05-26 07:50:13,445 [FATAL] Updater:351 - Updater called before beeing initialized
2025-05-26 07:50:13,484 [INFO] DbMcusAds:53 - JSON generation date=Thu Mar 06 20:24:21 IST 2025 (1741272861825)
2025-05-26 07:50:13,485 [FATAL] Updater:351 - Updater called before beeing initialized
2025-05-26 07:50:13,569 [WARN] DetailPanel:346 - Failed to get advertising image, set to default
2025-05-26 07:50:14,142 [FATAL] Updater:351 - Updater called before beeing initialized
2025-05-26 07:50:14,148 [FATAL] Updater:351 - Updater called before beeing initialized
2025-05-26 07:50:14,148 [FATAL] Updater:351 - Updater called before beeing initialized
2025-05-26 07:50:14,148 [WARN] DetailPanel:346 - Failed to get advertising image, set to default
2025-05-26 07:50:14,151 [FATAL] Updater:351 - Updater called before beeing initialized
2025-05-26 07:50:14,314 [ERROR] Updater:1198 - MainUpdater not yet initialized. External WinMGr cannot be set.
2025-05-26 07:50:14,342 [INFO] Updater:1134 - Updater Version found : 6.13.0
2025-05-26 07:50:14,378 [INFO] ApplicationProperties:184 - Using Application install path: C:\ST\STM32CubeIDE_1.17.0\STM32CubeIDE\plugins\com.st.stm32cube.common.mx_6.13.0.202411220809
2025-05-26 07:50:15,985 [ERROR] LogOutputStream:75 - [STDERR_REDIRECT] May 26, 2025 7:50:15 AM java.util.prefs.WindowsPreferences <init>
2025-05-26 07:50:15,987 [ERROR] LogOutputStream:75 - [STDERR_REDIRECT] WARNING: Could not open/create prefs root node Software\JavaSoft\Prefs at root 0xffffffff80000002. Windows RegCreateKeyEx(...) returned error code 5.
2025-05-26 07:50:15,988 [ERROR] LogOutputStream:75 - [STDERR_REDIRECT] 
2025-05-26 07:50:16,124 [FATAL] Updater:351 - Updater called before beeing initialized
2025-05-26 07:50:16,126 [ERROR] IntegrityCheckThread:130 - Cannot retrieve database content from updater: error 21
2025-05-26 07:50:16,127 [INFO] ThirdParty:978 - Integrity check success = false
2025-05-26 07:50:16,128 [INFO] IntegrityCheckThread:100 - exiting critical section [integrity check]
2025-05-26 07:50:16,128 [INFO] IntegrityCheckThread:103 - End integrity checks thread
2025-05-26 07:50:16,998 [INFO] MainUpdater:2872 - connection check result : 10
2025-05-26 07:50:17,001 [INFO] MainUpdater:289 - Updater Check For Update Now.
2025-05-26 07:50:17,002 [INFO] MicroXplorer:498 - Change Database Version : DB.6.0.130
2025-05-26 07:50:17,049 [INFO] McuFinderGlobals:63 - Set McuFinder mode to 2 (CubeIDE integrated)
2025-05-26 07:50:17,072 [INFO] UserAuth:486 - Internet connection configuration mode: 1
2025-05-26 07:50:17,195 [INFO] JxBrowserEngine:152 - Initiate JxBrowser Engine with user profile folder
2025-05-26 07:50:17,471 [INFO] CheckServerUpdateThread:120 - End of CheckServer Thread
2025-05-26 07:50:20,049 [INFO] WebApp:168 - Instantiating new browser for Auth
2025-05-26 07:50:22,265 [INFO] WebApp:449 - Apply proxy settings
2025-05-26 07:50:22,266 [INFO] WebApp:534 - Chromium requires no authentication
2025-05-26 07:50:22,293 [INFO] WebApp:477 - Direct internet connection detected
2025-05-26 07:50:22,358 [INFO] WebApp:880 - Register for checkConnection events
2025-05-26 07:50:22,359 [INFO] WebApp:449 - Apply proxy settings
2025-05-26 07:50:22,359 [INFO] WebApp:534 - Chromium requires no authentication
2025-05-26 07:50:22,361 [INFO] WebApp:477 - Direct internet connection detected
2025-05-26 07:50:22,773 [INFO] WebApp:221 - Starting web application
2025-05-26 07:50:22,773 [INFO] WebApp:579 - Web application path used C:\ST\STM32CubeIDE_1.17.0\STM32CubeIDE\plugins\com.st.stm32cube.common.mx_6.13.0.202411220809\db\plugins\mcufinder\reactClient1\index.html
2025-05-26 07:50:23,376 [INFO] UserAuth:486 - Internet connection configuration mode: 1
2025-05-26 07:50:23,382 [INFO] WebApp:187 - Connection restablished
2025-05-26 08:55:25,608 [INFO] WebApp:190 - Connection lost
2025-05-26 14:33:08,222 [INFO] WebApp:187 - Connection restablished
2025-05-26 14:33:10,965 [INFO] WebApp:190 - Connection lost
2025-05-26 14:33:11,219 [INFO] WebApp:187 - Connection restablished
2025-05-26 16:32:51,039 [INFO] WebApp:190 - Connection lost
2025-05-26 16:33:22,948 [INFO] WebApp:187 - Connection restablished
2025-05-26 16:33:24,588 [INFO] WebApp:190 - Connection lost
2025-05-26 16:33:24,848 [INFO] WebApp:187 - Connection restablished
2025-05-26 16:39:18,493 [INFO] WebApp:190 - Connection lost
2025-05-26 16:39:18,741 [INFO] WebApp:187 - Connection restablished
2025-05-26 16:57:19,403 [ERROR] LogOutputStream:75 - [STDERR_REDIRECT] 
2025-05-26 16:57:19,403 [ERROR] LogOutputStream:75 - [STDERR_REDIRECT] 
